<?xml version="1.0" encoding="UTF-8"?>
<testng-results ignored="0" total="1" passed="1" failed="0" skipped="0">
  <reporter-output>
  </reporter-output>
  <suite started-at="2024-12-06T11:41:24 IST" name="Default suite" finished-at="2024-12-06T11:41:46 IST" duration-ms="22405">
    <groups>
    </groups>
    <test started-at="2024-12-06T11:41:24 IST" name="Default test" finished-at="2024-12-06T11:41:46 IST" duration-ms="22405">
      <class name="testNG.Assertion">
        <test-method signature="signup()[pri:0, instance:testNG.Assertion@20ccf40b]" started-at="2024-12-06T11:41:24 IST" name="signup" finished-at="2024-12-06T11:41:46 IST" duration-ms="22373" status="PASS">
          <reporter-output>
          </reporter-output>
        </test-method> <!-- signup -->
      </class> <!-- testNG.Assertion -->
    </test> <!-- Default test -->
  </suite> <!-- Default suite -->
</testng-results>
