<?xml version="1.0" encoding="UTF-8"?>
<!-- Generated by org.testng.reporters.JUnitXMLReporter -->
<testsuite ignored="0" hostname="jyothisathish" failures="1" tests="6" name="Test" time="0.063" errors="0" timestamp="2024-11-27T12:20:17 IST">
  <testcase classname="testNG.Script07" name="sslc" time="0.012"/>
  <testcase classname="testNG.Script07" name="diploma" time="0.002"/>
  <testcase classname="testNG.Script07" name="btech" time="0.001"/>
  <testcase classname="testNG.Script06" name="search" time="0.001"/>
  <testcase classname="testNG.Script06" name="cart" time="0.001"/>
  <testcase classname="testNG.Script06" name="wishlist" time="0.005">
    <failure type="java.lang.AssertionError" message="null">
      <![CDATA[java.lang.AssertionError: null
at testNG.Script06.wishlist(Script06.java:21)
at java.base/java.util.ArrayList.forEach(ArrayList.java:1596)
... Removed 27 stack frames]]>
    </failure>
  </testcase> <!-- wishlist -->
</testsuite> <!-- Test -->
